<?xml version="1.0" encoding="utf-8"?><testsuites name="pytest tests"><testsuite name="pytest" errors="0" failures="0" skipped="0" tests="13" time="2.084" timestamp="2026-05-04T13:54:54.395790+00:00" hostname="agent-env-dad4c402-fe00-42c0-80af-541de191570c"><testcase classname="backend.tests.backend_test.TestRoot" name="test_root_returns_tagline" time="0.255" /><testcase classname="backend.tests.backend_test.TestEvents" name="test_list_events" time="0.104" /><testcase classname="backend.tests.backend_test.TestEvents" name="test_get_event_by_id" time="0.154" /><testcase classname="backend.tests.backend_test.TestEvents" name="test_get_event_invalid_id" time="0.155" /><testcase classname="backend.tests.backend_test.TestEventSignup" name="test_valid_signup" time="0.226" /><testcase classname="backend.tests.backend_test.TestEventSignup" name="test_invalid_email" time="0.142" /><testcase classname="backend.tests.backend_test.TestEventSignup" name="test_missing_required" time="0.111" /><testcase classname="backend.tests.backend_test.TestMembership" name="test_valid_membership" time="0.159" /><testcase classname="backend.tests.backend_test.TestMembership" name="test_missing_required" time="0.102" /><testcase classname="backend.tests.backend_test.TestMembership" name="test_invalid_email" time="0.170" /><testcase classname="backend.tests.backend_test.TestContact" name="test_valid_contact" time="0.128" /><testcase classname="backend.tests.backend_test.TestContact" name="test_invalid_email" time="0.125" /><testcase classname="backend.tests.backend_test.TestContact" name="test_missing_message" time="0.130" /></testsuite></testsuites>